*** Starting uWSGI 2.0.18 (64bit) on [Thu Mar 12 23:12:49 2020] ***
compiled with version: 7.4.0 on 03 March 2020 15:51:09
os: Linux-4.15.0-88-generic #88-Ubuntu SMP Tue Feb 11 20:11:34 UTC 2020
nodename: iZ2ze33r1a20f1k8g5muf0Z
machine: x86_64
clock source: unix
detected number of CPU cores: 1
current working directory: /home/YinCo/YinCo
writing pidfile to uwsgi.pid
detected binary path: /usr/local/bin/uwsgi
!!! no internal routing support, rebuild with pcre support !!!
uWSGI running as root, you can use --uid/--gid/--chroot options
*** WARNING: you are running uWSGI as root !!! (use the --uid flag) *** 
chdir() to /home/YinCo # 这里需要换为项目文件夹的绝对路径
chdir(): No such file or directory [core/uwsgi.c line 2623]
*** Starting uWSGI 2.0.18 (64bit) on [Thu Mar 12 23:17:14 2020] ***
compiled with version: 7.4.0 on 03 March 2020 15:51:09
os: Linux-4.15.0-88-generic #88-Ubuntu SMP Tue Feb 11 20:11:34 UTC 2020
nodename: iZ2ze33r1a20f1k8g5muf0Z
machine: x86_64
clock source: unix
detected number of CPU cores: 1
current working directory: /home/YinCo/YinCo
writing pidfile to uwsgi.pid
detected binary path: /usr/local/bin/uwsgi
!!! no internal routing support, rebuild with pcre support !!!
uWSGI running as root, you can use --uid/--gid/--chroot options
*** WARNING: you are running uWSGI as root !!! (use the --uid flag) *** 
chdir() to /home/YinCo # 这里需要换为项目文件夹的绝对路径
chdir(): No such file or directory [core/uwsgi.c line 2623]
*** Starting uWSGI 2.0.18 (64bit) on [Thu Mar 12 23:19:56 2020] ***
compiled with version: 7.4.0 on 03 March 2020 15:51:09
os: Linux-4.15.0-88-generic #88-Ubuntu SMP Tue Feb 11 20:11:34 UTC 2020
nodename: iZ2ze33r1a20f1k8g5muf0Z
machine: x86_64
clock source: unix
detected number of CPU cores: 1
current working directory: /home/YinCo/YinCo
writing pidfile to uwsgi.pid
detected binary path: /usr/local/bin/uwsgi
!!! no internal routing support, rebuild with pcre support !!!
uWSGI running as root, you can use --uid/--gid/--chroot options
*** WARNING: you are running uWSGI as root !!! (use the --uid flag) *** 
chdir() to /home/YinCo # 这里需要换为项目文件夹的绝对路径
chdir(): No such file or directory [core/uwsgi.c line 2623]
*** Starting uWSGI 2.0.18 (64bit) on [Thu Mar 12 23:25:36 2020] ***
compiled with version: 7.4.0 on 03 March 2020 15:51:09
os: Linux-4.15.0-88-generic #88-Ubuntu SMP Tue Feb 11 20:11:34 UTC 2020
nodename: iZ2ze33r1a20f1k8g5muf0Z
machine: x86_64
clock source: unix
detected number of CPU cores: 1
current working directory: /home/YinCo/YinCo
writing pidfile to uwsgi.pid
detected binary path: /usr/local/bin/uwsgi
!!! no internal routing support, rebuild with pcre support !!!
uWSGI running as root, you can use --uid/--gid/--chroot options
*** WARNING: you are running uWSGI as root !!! (use the --uid flag) *** 
chdir() to /home/YinCo # 这里需要换为项目文件夹的绝对路径
chdir(): No such file or directory [core/uwsgi.c line 2623]
*** Starting uWSGI 2.0.18 (64bit) on [Thu Mar 12 23:27:52 2020] ***
compiled with version: 7.4.0 on 03 March 2020 15:51:09
os: Linux-4.15.0-88-generic #88-Ubuntu SMP Tue Feb 11 20:11:34 UTC 2020
nodename: iZ2ze33r1a20f1k8g5muf0Z
machine: x86_64
clock source: unix
detected number of CPU cores: 1
current working directory: /home/YinCo/YinCo
writing pidfile to uwsgi.pid
detected binary path: /usr/local/bin/uwsgi
!!! no internal routing support, rebuild with pcre support !!!
uWSGI running as root, you can use --uid/--gid/--chroot options
*** WARNING: you are running uWSGI as root !!! (use the --uid flag) *** 
chdir() to /home/YinCo
your processes number limit is 7796
your memory page size is 4096 bytes
detected max file descriptor number: 65535
lock engine: pthread robust mutexes
thunder lock: disabled (you can enable it with --thunder-lock)
bind(): Cannot assign requested address [core/socket.c line 769]
*** Starting uWSGI 2.0.18 (64bit) on [Thu Mar 12 23:29:45 2020] ***
compiled with version: 7.4.0 on 03 March 2020 15:51:09
os: Linux-4.15.0-88-generic #88-Ubuntu SMP Tue Feb 11 20:11:34 UTC 2020
nodename: iZ2ze33r1a20f1k8g5muf0Z
machine: x86_64
clock source: unix
detected number of CPU cores: 1
current working directory: /home/YinCo/YinCo
writing pidfile to uwsgi.pid
detected binary path: /usr/local/bin/uwsgi
!!! no internal routing support, rebuild with pcre support !!!
uWSGI running as root, you can use --uid/--gid/--chroot options
*** WARNING: you are running uWSGI as root !!! (use the --uid flag) *** 
chdir() to /home/YinCo
your processes number limit is 7796
your memory page size is 4096 bytes
detected max file descriptor number: 65535
lock engine: pthread robust mutexes
thunder lock: disabled (you can enable it with --thunder-lock)
uwsgi socket 0 bound to TCP address 127.0.0.1:8000 fd 3
uWSGI running as root, you can use --uid/--gid/--chroot options
*** WARNING: you are running uWSGI as root !!! (use the --uid flag) *** 
Python version: 3.6.9 (default, Nov  7 2019, 10:44:02)  [GCC 8.3.0]
Python main interpreter initialized at 0x55f90ad2be30
uWSGI running as root, you can use --uid/--gid/--chroot options
*** WARNING: you are running uWSGI as root !!! (use the --uid flag) *** 
python threads support enabled
your server socket listen backlog is limited to 100 connections
your mercy for graceful operations on workers is 60 seconds
mapped 166688 bytes (162 KB) for 2 cores
*** Operational MODE: threaded ***
WSGI app 0 (mountpoint='') ready in 0 seconds on interpreter 0x55f90ad2be30 pid: 10660 (default app)
uWSGI running as root, you can use --uid/--gid/--chroot options
*** WARNING: you are running uWSGI as root !!! (use the --uid flag) *** 
*** uWSGI is running in multiple interpreter mode ***
spawned uWSGI master process (pid: 10660)
spawned uWSGI worker 1 (pid: 10662, cores: 2)
[pid: 10662|app: 0|req: 1/1] 192.241.210.169 () {34 vars in 404 bytes} [Thu Mar 12 23:36:59 2020] GET /portal/redlion => generated 88 bytes in 24 msecs (HTTP/1.1 404) 3 headers in 100 bytes (1 switches on core 0)
SIGINT/SIGQUIT received...killing workers...
worker 1 buried after 1 seconds
goodbye to uWSGI.
*** Starting uWSGI 2.0.18 (64bit) on [Thu Mar 12 23:38:07 2020] ***
compiled with version: 7.4.0 on 03 March 2020 15:51:09
os: Linux-4.15.0-88-generic #88-Ubuntu SMP Tue Feb 11 20:11:34 UTC 2020
nodename: iZ2ze33r1a20f1k8g5muf0Z
machine: x86_64
clock source: unix
detected number of CPU cores: 1
current working directory: /home/YinCo/YinCo
writing pidfile to uwsgi.pid
detected binary path: /usr/local/bin/uwsgi
!!! no internal routing support, rebuild with pcre support !!!
uWSGI running as root, you can use --uid/--gid/--chroot options
*** WARNING: you are running uWSGI as root !!! (use the --uid flag) *** 
chdir() to /home/YinCo
your processes number limit is 7796
your memory page size is 4096 bytes
detected max file descriptor number: 65535
lock engine: pthread robust mutexes
thunder lock: disabled (you can enable it with --thunder-lock)
uwsgi socket 0 bound to TCP address 127.0.0.1:8000 fd 3
uWSGI running as root, you can use --uid/--gid/--chroot options
*** WARNING: you are running uWSGI as root !!! (use the --uid flag) *** 
Python version: 3.6.9 (default, Nov  7 2019, 10:44:02)  [GCC 8.3.0]
Python main interpreter initialized at 0x55d411ad0e30
uWSGI running as root, you can use --uid/--gid/--chroot options
*** WARNING: you are running uWSGI as root !!! (use the --uid flag) *** 
python threads support enabled
your server socket listen backlog is limited to 100 connections
your mercy for graceful operations on workers is 60 seconds
mapped 166688 bytes (162 KB) for 2 cores
*** Operational MODE: threaded ***
Traceback (most recent call last):
  File "YinCo/wsgi.py", line 16, in <module>
    application = get_wsgi_application()
  File "/usr/local/lib/python3.6/dist-packages/django/core/wsgi.py", line 13, in get_wsgi_application
    django.setup(set_prefix=False)
  File "/usr/local/lib/python3.6/dist-packages/django/__init__.py", line 27, in setup
    apps.populate(settings.INSTALLED_APPS)
  File "/usr/local/lib/python3.6/dist-packages/django/apps/registry.py", line 85, in populate
    app_config = AppConfig.create(entry)
  File "/usr/local/lib/python3.6/dist-packages/django/apps/config.py", line 94, in create
    module = import_module(entry)
  File "/usr/lib/python3.6/importlib/__init__.py", line 126, in import_module
    return _bootstrap._gcd_import(name[level:], package, level)
  File "<frozen importlib._bootstrap>", line 994, in _gcd_import
  File "<frozen importlib._bootstrap>", line 971, in _find_and_load
  File "<frozen importlib._bootstrap>", line 953, in _find_and_load_unlocked
ModuleNotFoundError: No module named 'corsheaders'
unable to load app 0 (mountpoint='') (callable not found or import error)
*** no app loaded. going in full dynamic mode ***
uWSGI running as root, you can use --uid/--gid/--chroot options
*** WARNING: you are running uWSGI as root !!! (use the --uid flag) *** 
*** uWSGI is running in multiple interpreter mode ***
spawned uWSGI master process (pid: 10754)
spawned uWSGI worker 1 (pid: 10756, cores: 2)
SIGINT/SIGQUIT received...killing workers...
worker 1 buried after 1 seconds
goodbye to uWSGI.
*** Starting uWSGI 2.0.18 (64bit) on [Thu Mar 12 23:44:01 2020] ***
compiled with version: 7.4.0 on 03 March 2020 15:51:09
os: Linux-4.15.0-88-generic #88-Ubuntu SMP Tue Feb 11 20:11:34 UTC 2020
nodename: iZ2ze33r1a20f1k8g5muf0Z
machine: x86_64
clock source: unix
detected number of CPU cores: 1
current working directory: /home/YinCo/YinCo
writing pidfile to uwsgi.pid
detected binary path: /usr/local/bin/uwsgi
!!! no internal routing support, rebuild with pcre support !!!
uWSGI running as root, you can use --uid/--gid/--chroot options
*** WARNING: you are running uWSGI as root !!! (use the --uid flag) *** 
chdir() to /home/YinCo
your processes number limit is 7796
your memory page size is 4096 bytes
detected max file descriptor number: 65535
lock engine: pthread robust mutexes
thunder lock: disabled (you can enable it with --thunder-lock)
uwsgi socket 0 bound to TCP address 127.0.0.1:8000 fd 3
uWSGI running as root, you can use --uid/--gid/--chroot options
*** WARNING: you are running uWSGI as root !!! (use the --uid flag) *** 
Python version: 3.6.9 (default, Nov  7 2019, 10:44:02)  [GCC 8.3.0]
Python main interpreter initialized at 0x5626f43afe30
uWSGI running as root, you can use --uid/--gid/--chroot options
*** WARNING: you are running uWSGI as root !!! (use the --uid flag) *** 
python threads support enabled
your server socket listen backlog is limited to 100 connections
your mercy for graceful operations on workers is 60 seconds
mapped 166688 bytes (162 KB) for 2 cores
*** Operational MODE: threaded ***
Traceback (most recent call last):
  File "YinCo/wsgi.py", line 16, in <module>
    application = get_wsgi_application()
  File "/usr/local/lib/python3.6/dist-packages/django/core/wsgi.py", line 13, in get_wsgi_application
    django.setup(set_prefix=False)
  File "/usr/local/lib/python3.6/dist-packages/django/__init__.py", line 27, in setup
    apps.populate(settings.INSTALLED_APPS)
  File "/usr/local/lib/python3.6/dist-packages/django/apps/registry.py", line 85, in populate
    app_config = AppConfig.create(entry)
  File "/usr/local/lib/python3.6/dist-packages/django/apps/config.py", line 94, in create
    module = import_module(entry)
  File "/usr/lib/python3.6/importlib/__init__.py", line 126, in import_module
    return _bootstrap._gcd_import(name[level:], package, level)
  File "<frozen importlib._bootstrap>", line 994, in _gcd_import
  File "<frozen importlib._bootstrap>", line 971, in _find_and_load
  File "<frozen importlib._bootstrap>", line 953, in _find_and_load_unlocked
ModuleNotFoundError: No module named 'corsheaders'
unable to load app 0 (mountpoint='') (callable not found or import error)
*** no app loaded. going in full dynamic mode ***
uWSGI running as root, you can use --uid/--gid/--chroot options
*** WARNING: you are running uWSGI as root !!! (use the --uid flag) *** 
*** uWSGI is running in multiple interpreter mode ***
spawned uWSGI master process (pid: 10867)
spawned uWSGI worker 1 (pid: 10869, cores: 2)
--- no python application found, check your startup logs for errors ---
[pid: 10869|app: -1|req: -1/1] 120.244.112.124 () {46 vars in 867 bytes} [Thu Mar 12 23:53:03 2020] GET /test_cors => generated 21 bytes in 0 msecs (HTTP/1.1 500) 2 headers in 83 bytes (0 switches on core 0)
--- no python application found, check your startup logs for errors ---
[pid: 10869|app: -1|req: -1/2] 120.244.112.124 () {44 vars in 776 bytes} [Thu Mar 12 23:53:04 2020] GET /favicon.ico => generated 21 bytes in 0 msecs (HTTP/1.1 500) 2 headers in 83 bytes (0 switches on core 0)
--- no python application found, check your startup logs for errors ---
[pid: 10869|app: -1|req: -1/3] 120.244.112.124 () {46 vars in 867 bytes} [Thu Mar 12 23:53:09 2020] GET /test_cors => generated 21 bytes in 0 msecs (HTTP/1.1 500) 2 headers in 83 bytes (0 switches on core 0)
--- no python application found, check your startup logs for errors ---
[pid: 10869|app: -1|req: -1/4] 120.244.112.124 () {44 vars in 776 bytes} [Thu Mar 12 23:53:09 2020] GET /favicon.ico => generated 21 bytes in 0 msecs (HTTP/1.1 500) 2 headers in 83 bytes (0 switches on core 0)
--- no python application found, check your startup logs for errors ---
[pid: 10869|app: -1|req: -1/5] 120.244.112.124 () {46 vars in 867 bytes} [Thu Mar 12 23:59:12 2020] GET /test_cors => generated 21 bytes in 0 msecs (HTTP/1.1 500) 2 headers in 83 bytes (0 switches on core 0)
--- no python application found, check your startup logs for errors ---
[pid: 10869|app: -1|req: -1/6] 120.244.112.124 () {44 vars in 776 bytes} [Thu Mar 12 23:59:12 2020] GET /favicon.ico => generated 21 bytes in 0 msecs (HTTP/1.1 500) 2 headers in 83 bytes (0 switches on core 0)
--- no python application found, check your startup logs for errors ---
[pid: 10869|app: -1|req: -1/7] 178.94.49.30 () {32 vars in 444 bytes} [Fri Mar 13 01:31:10 2020] GET / => generated 21 bytes in 0 msecs (HTTP/1.1 500) 2 headers in 83 bytes (0 switches on core 0)
--- no python application found, check your startup logs for errors ---
[pid: 10869|app: -1|req: -1/8] 167.99.165.151 () {30 vars in 418 bytes} [Fri Mar 13 01:57:53 2020] GET / => generated 21 bytes in 0 msecs (HTTP/1.1 500) 2 headers in 83 bytes (0 switches on core 0)
--- no python application found, check your startup logs for errors ---
[pid: 10869|app: -1|req: -1/9] 80.82.70.187 () {32 vars in 413 bytes} [Fri Mar 13 02:37:00 2020] GET /cache/global/img/gs.gif => generated 21 bytes in 0 msecs (HTTP/1.1 500) 2 headers in 83 bytes (0 switches on core 0)
--- no python application found, check your startup logs for errors ---
[pid: 10869|app: -1|req: -1/10] 156.67.125.171 () {32 vars in 452 bytes} [Fri Mar 13 02:46:36 2020] GET / => generated 21 bytes in 0 msecs (HTTP/1.0 500) 2 headers in 83 bytes (0 switches on core 0)
--- no python application found, check your startup logs for errors ---
[pid: 10869|app: -1|req: -1/11] 139.162.119.197 () {32 vars in 382 bytes} [Fri Mar 13 03:08:44 2020] GET / => generated 21 bytes in 0 msecs (HTTP/1.1 500) 2 headers in 83 bytes (0 switches on core 0)
--- no python application found, check your startup logs for errors ---
[pid: 10869|app: -1|req: -1/12] 39.98.227.188 () {26 vars in 261 bytes} [Fri Mar 13 03:14:17 2020] GET / => generated 21 bytes in 0 msecs (HTTP/1.0 500) 2 headers in 83 bytes (0 switches on core 0)
--- no python application found, check your startup logs for errors ---
[pid: 10869|app: -1|req: -1/13] 39.98.227.188 () {32 vars in 458 bytes} [Fri Mar 13 03:14:22 2020] GET /nmaplowercheck1584040462 => generated 21 bytes in 0 msecs (HTTP/1.1 500) 2 headers in 83 bytes (0 switches on core 0)
--- no python application found, check your startup logs for errors ---
[pid: 10869|app: -1|req: -1/14] 39.98.227.188 () {34 vars in 446 bytes} [Fri Mar 13 03:14:22 2020] POST /sdk => generated 21 bytes in 0 msecs (HTTP/1.1 500) 2 headers in 83 bytes (0 switches on core 0)
--- no python application found, check your startup logs for errors ---
[pid: 10869|app: -1|req: -1/15] 39.98.227.188 () {26 vars in 261 bytes} [Fri Mar 13 03:14:22 2020] GET / => generated 21 bytes in 0 msecs (HTTP/1.0 500) 2 headers in 83 bytes (0 switches on core 0)
--- no python application found, check your startup logs for errors ---
[pid: 10869|app: -1|req: -1/16] 39.98.227.188 () {28 vars in 288 bytes} [Fri Mar 13 03:14:22 2020] GET / => generated 21 bytes in 0 msecs (HTTP/1.1 500) 2 headers in 83 bytes (0 switches on core 0)
--- no python application found, check your startup logs for errors ---
[pid: 10869|app: -1|req: -1/17] 39.98.227.188 () {32 vars in 430 bytes} [Fri Mar 13 03:14:22 2020] GET /evox/about => generated 21 bytes in 0 msecs (HTTP/1.1 500) 2 headers in 83 bytes (0 switches on core 0)
--- no python application found, check your startup logs for errors ---
[pid: 10869|app: -1|req: -1/18] 39.98.227.188 () {32 vars in 420 bytes} [Fri Mar 13 03:14:22 2020] GET /HNAP1 => generated 21 bytes in 0 msecs (HTTP/1.1 500) 2 headers in 83 bytes (0 switches on core 0)
--- no python application found, check your startup logs for errors ---
[pid: 10869|app: -1|req: -1/19] 39.98.227.188 () {32 vars in 336 bytes} [Fri Mar 13 03:14:35 2020] GET / => generated 21 bytes in 0 msecs (HTTP/1.1 500) 2 headers in 83 bytes (0 switches on core 0)
--- no python application found, check your startup logs for errors ---
[pid: 10869|app: -1|req: -1/20] 176.31.116.217 () {42 vars in 546 bytes} [Fri Mar 13 03:17:32 2020] GET / => generated 21 bytes in 0 msecs (HTTP/1.1 500) 2 headers in 83 bytes (0 switches on core 0)
--- no python application found, check your startup logs for errors ---
[pid: 10869|app: -1|req: -1/21] 195.24.215.70 () {32 vars in 444 bytes} [Fri Mar 13 03:27:13 2020] GET / => generated 21 bytes in 0 msecs (HTTP/1.1 500) 2 headers in 83 bytes (0 switches on core 0)
--- no python application found, check your startup logs for errors ---
[pid: 10869|app: -1|req: -1/22] 47.101.41.19 () {34 vars in 439 bytes} [Fri Mar 13 03:38:29 2020] GET / => generated 21 bytes in 0 msecs (HTTP/1.1 500) 2 headers in 83 bytes (0 switches on core 0)
--- no python application found, check your startup logs for errors ---
[pid: 10869|app: -1|req: -1/23] 46.191.132.103 () {32 vars in 446 bytes} [Fri Mar 13 03:47:57 2020] GET / => generated 21 bytes in 0 msecs (HTTP/1.1 500) 2 headers in 83 bytes (0 switches on core 0)
--- no python application found, check your startup logs for errors ---
[pid: 10869|app: -1|req: -1/24] 143.255.243.136 () {32 vars in 446 bytes} [Fri Mar 13 04:24:12 2020] GET / => generated 21 bytes in 0 msecs (HTTP/1.1 500) 2 headers in 83 bytes (0 switches on core 0)
--- no python application found, check your startup logs for errors ---
[pid: 10869|app: -1|req: -1/25] 198.143.158.82 () {34 vars in 464 bytes} [Fri Mar 13 05:12:06 2020] GET / => generated 21 bytes in 0 msecs (HTTP/1.1 500) 2 headers in 83 bytes (0 switches on core 0)
--- no python application found, check your startup logs for errors ---
[pid: 10869|app: -1|req: -1/26] 201.148.246.73 () {32 vars in 446 bytes} [Fri Mar 13 06:05:31 2020] GET / => generated 21 bytes in 0 msecs (HTTP/1.1 500) 2 headers in 83 bytes (0 switches on core 0)
--- no python application found, check your startup logs for errors ---
[pid: 10869|app: -1|req: -1/27] 62.212.54.196 () {32 vars in 444 bytes} [Fri Mar 13 06:49:17 2020] GET / => generated 21 bytes in 0 msecs (HTTP/1.1 500) 2 headers in 83 bytes (0 switches on core 0)
--- no python application found, check your startup logs for errors ---
[pid: 10869|app: -1|req: -1/28] 83.97.20.34 () {26 vars in 259 bytes} [Fri Mar 13 07:07:37 2020] GET / => generated 21 bytes in 0 msecs (HTTP/1.0 500) 2 headers in 83 bytes (0 switches on core 0)
--- no python application found, check your startup logs for errors ---
[pid: 10869|app: -1|req: -1/29] 201.49.230.89 () {32 vars in 445 bytes} [Fri Mar 13 07:38:04 2020] GET / => generated 21 bytes in 0 msecs (HTTP/1.1 500) 2 headers in 83 bytes (0 switches on core 0)
--- no python application found, check your startup logs for errors ---
[pid: 10869|app: -1|req: -1/30] 171.67.71.97 () {34 vars in 373 bytes} [Fri Mar 13 07:56:39 2020] GET / => generated 21 bytes in 0 msecs (HTTP/1.1 500) 2 headers in 83 bytes (0 switches on core 0)
--- no python application found, check your startup logs for errors ---
[pid: 10869|app: -1|req: -1/31] 144.217.207.84 () {34 vars in 389 bytes} [Fri Mar 13 08:17:12 2020] GET /ssf.zip => generated 21 bytes in 0 msecs (HTTP/1.1 500) 2 headers in 83 bytes (0 switches on core 0)
SIGINT/SIGQUIT received...killing workers...
worker 1 buried after 1 seconds
goodbye to uWSGI.
*** Starting uWSGI 2.0.18 (64bit) on [Fri Mar 13 08:54:26 2020] ***
compiled with version: 7.4.0 on 03 March 2020 15:51:09
os: Linux-4.15.0-88-generic #88-Ubuntu SMP Tue Feb 11 20:11:34 UTC 2020
nodename: iZ2ze33r1a20f1k8g5muf0Z
machine: x86_64
clock source: unix
detected number of CPU cores: 1
current working directory: /home/YinCo/YinCo
writing pidfile to uwsgi.pid
detected binary path: /usr/local/bin/uwsgi
!!! no internal routing support, rebuild with pcre support !!!
uWSGI running as root, you can use --uid/--gid/--chroot options
*** WARNING: you are running uWSGI as root !!! (use the --uid flag) *** 
chdir() to /home/YinCo
your processes number limit is 7796
your memory page size is 4096 bytes
detected max file descriptor number: 65535
lock engine: pthread robust mutexes
thunder lock: disabled (you can enable it with --thunder-lock)
uwsgi socket 0 bound to TCP address 127.0.0.1:8000 fd 3
uWSGI running as root, you can use --uid/--gid/--chroot options
*** WARNING: you are running uWSGI as root !!! (use the --uid flag) *** 
Python version: 3.6.9 (default, Nov  7 2019, 10:44:02)  [GCC 8.3.0]
Python main interpreter initialized at 0x55e99d1d0fd0
uWSGI running as root, you can use --uid/--gid/--chroot options
*** WARNING: you are running uWSGI as root !!! (use the --uid flag) *** 
python threads support enabled
your server socket listen backlog is limited to 100 connections
your mercy for graceful operations on workers is 60 seconds
mapped 166688 bytes (162 KB) for 2 cores
*** Operational MODE: threaded ***
WSGI app 0 (mountpoint='') ready in 1 seconds on interpreter 0x55e99d1d0fd0 pid: 13507 (default app)
uWSGI running as root, you can use --uid/--gid/--chroot options
*** WARNING: you are running uWSGI as root !!! (use the --uid flag) *** 
*** uWSGI is running in multiple interpreter mode ***
spawned uWSGI master process (pid: 13507)
spawned uWSGI worker 1 (pid: 13509, cores: 2)
SIGINT/SIGQUIT received...killing workers...
worker 1 buried after 1 seconds
goodbye to uWSGI.
*** Starting uWSGI 2.0.18 (64bit) on [Fri Mar 13 21:04:58 2020] ***
compiled with version: 7.4.0 on 03 March 2020 15:51:09
os: Linux-4.15.0-88-generic #88-Ubuntu SMP Tue Feb 11 20:11:34 UTC 2020
nodename: iZ2ze33r1a20f1k8g5muf0Z
machine: x86_64
clock source: unix
detected number of CPU cores: 1
current working directory: /home/YinCo/YinCo
writing pidfile to uwsgi.pid
detected binary path: /usr/local/bin/uwsgi
!!! no internal routing support, rebuild with pcre support !!!
uWSGI running as root, you can use --uid/--gid/--chroot options
*** WARNING: you are running uWSGI as root !!! (use the --uid flag) *** 
chdir() to /home/YinCo
your processes number limit is 7796
your memory page size is 4096 bytes
detected max file descriptor number: 65535
lock engine: pthread robust mutexes
thunder lock: disabled (you can enable it with --thunder-lock)
uwsgi socket 0 bound to TCP address 127.0.0.1:8000 fd 3
uWSGI running as root, you can use --uid/--gid/--chroot options
*** WARNING: you are running uWSGI as root !!! (use the --uid flag) *** 
Python version: 3.6.9 (default, Nov  7 2019, 10:44:02)  [GCC 8.3.0]
Python main interpreter initialized at 0x564812b6be30
uWSGI running as root, you can use --uid/--gid/--chroot options
*** WARNING: you are running uWSGI as root !!! (use the --uid flag) *** 
python threads support enabled
your server socket listen backlog is limited to 100 connections
your mercy for graceful operations on workers is 60 seconds
mapped 166688 bytes (162 KB) for 2 cores
*** Operational MODE: threaded ***
WSGI app 0 (mountpoint='') ready in 0 seconds on interpreter 0x564812b6be30 pid: 16390 (default app)
uWSGI running as root, you can use --uid/--gid/--chroot options
*** WARNING: you are running uWSGI as root !!! (use the --uid flag) *** 
*** uWSGI is running in multiple interpreter mode ***
spawned uWSGI master process (pid: 16390)
spawned uWSGI worker 1 (pid: 16392, cores: 2)
SIGINT/SIGQUIT received...killing workers...
worker 1 buried after 1 seconds
goodbye to uWSGI.
*** Starting uWSGI 2.0.18 (64bit) on [Fri Mar 13 21:21:19 2020] ***
compiled with version: 7.4.0 on 03 March 2020 15:51:09
os: Linux-4.15.0-88-generic #88-Ubuntu SMP Tue Feb 11 20:11:34 UTC 2020
nodename: iZ2ze33r1a20f1k8g5muf0Z
machine: x86_64
clock source: unix
detected number of CPU cores: 1
current working directory: /home/YinCo/YinCo
writing pidfile to uwsgi.pid
detected binary path: /usr/local/bin/uwsgi
!!! no internal routing support, rebuild with pcre support !!!
uWSGI running as root, you can use --uid/--gid/--chroot options
*** WARNING: you are running uWSGI as root !!! (use the --uid flag) *** 
chdir() to /home/YinCo
your processes number limit is 7796
your memory page size is 4096 bytes
detected max file descriptor number: 65535
lock engine: pthread robust mutexes
thunder lock: disabled (you can enable it with --thunder-lock)
uwsgi socket 0 bound to TCP address 127.0.0.1:8000 fd 3
uWSGI running as root, you can use --uid/--gid/--chroot options
*** WARNING: you are running uWSGI as root !!! (use the --uid flag) *** 
Python version: 3.6.9 (default, Nov  7 2019, 10:44:02)  [GCC 8.3.0]
Python main interpreter initialized at 0x55aea76c2e30
uWSGI running as root, you can use --uid/--gid/--chroot options
*** WARNING: you are running uWSGI as root !!! (use the --uid flag) *** 
python threads support enabled
your server socket listen backlog is limited to 100 connections
your mercy for graceful operations on workers is 60 seconds
mapped 166688 bytes (162 KB) for 2 cores
*** Operational MODE: threaded ***
WSGI app 0 (mountpoint='') ready in 0 seconds on interpreter 0x55aea76c2e30 pid: 16687 (default app)
uWSGI running as root, you can use --uid/--gid/--chroot options
*** WARNING: you are running uWSGI as root !!! (use the --uid flag) *** 
*** uWSGI is running in multiple interpreter mode ***
spawned uWSGI master process (pid: 16687)
spawned uWSGI worker 1 (pid: 16689, cores: 2)
SIGINT/SIGQUIT received...killing workers...
worker 1 buried after 1 seconds
goodbye to uWSGI.
*** Starting uWSGI 2.0.18 (64bit) on [Fri Mar 13 21:44:27 2020] ***
compiled with version: 7.4.0 on 03 March 2020 15:51:09
os: Linux-4.15.0-88-generic #88-Ubuntu SMP Tue Feb 11 20:11:34 UTC 2020
nodename: iZ2ze33r1a20f1k8g5muf0Z
machine: x86_64
clock source: unix
detected number of CPU cores: 1
current working directory: /home/YinCo/YinCo
writing pidfile to uwsgi.pid
detected binary path: /usr/local/bin/uwsgi
!!! no internal routing support, rebuild with pcre support !!!
uWSGI running as root, you can use --uid/--gid/--chroot options
*** WARNING: you are running uWSGI as root !!! (use the --uid flag) *** 
chdir() to /home/YinCo
your processes number limit is 7796
your memory page size is 4096 bytes
detected max file descriptor number: 65535
lock engine: pthread robust mutexes
thunder lock: disabled (you can enable it with --thunder-lock)
bind(): Cannot assign requested address [core/socket.c line 769]
*** Starting uWSGI 2.0.18 (64bit) on [Fri Mar 13 21:50:32 2020] ***
compiled with version: 7.4.0 on 03 March 2020 15:51:09
os: Linux-4.15.0-88-generic #88-Ubuntu SMP Tue Feb 11 20:11:34 UTC 2020
nodename: iZ2ze33r1a20f1k8g5muf0Z
machine: x86_64
clock source: unix
detected number of CPU cores: 1
current working directory: /home/YinCo/YinCo
writing pidfile to uwsgi.pid
detected binary path: /usr/local/bin/uwsgi
!!! no internal routing support, rebuild with pcre support !!!
uWSGI running as root, you can use --uid/--gid/--chroot options
*** WARNING: you are running uWSGI as root !!! (use the --uid flag) *** 
chdir() to /home/YinCo
your processes number limit is 7796
your memory page size is 4096 bytes
detected max file descriptor number: 65535
lock engine: pthread robust mutexes
thunder lock: disabled (you can enable it with --thunder-lock)
bind(): Cannot assign requested address [core/socket.c line 769]
*** Starting uWSGI 2.0.18 (64bit) on [Fri Mar 13 22:18:31 2020] ***
compiled with version: 7.4.0 on 03 March 2020 15:51:09
os: Linux-4.15.0-88-generic #88-Ubuntu SMP Tue Feb 11 20:11:34 UTC 2020
nodename: iZ2ze33r1a20f1k8g5muf0Z
machine: x86_64
clock source: unix
detected number of CPU cores: 1
current working directory: /home/YinCo/YinCo
writing pidfile to uwsgi.pid
detected binary path: /usr/local/bin/uwsgi
!!! no internal routing support, rebuild with pcre support !!!
uWSGI running as root, you can use --uid/--gid/--chroot options
*** WARNING: you are running uWSGI as root !!! (use the --uid flag) *** 
chdir() to /home/YinCo
your processes number limit is 7796
your memory page size is 4096 bytes
detected max file descriptor number: 65535
lock engine: pthread robust mutexes
thunder lock: disabled (you can enable it with --thunder-lock)
uwsgi socket 0 bound to TCP address 127.0.0.1:8000 fd 3
uWSGI running as root, you can use --uid/--gid/--chroot options
*** WARNING: you are running uWSGI as root !!! (use the --uid flag) *** 
Python version: 3.6.9 (default, Nov  7 2019, 10:44:02)  [GCC 8.3.0]
Python main interpreter initialized at 0x56540b629f60
uWSGI running as root, you can use --uid/--gid/--chroot options
*** WARNING: you are running uWSGI as root !!! (use the --uid flag) *** 
python threads support enabled
your server socket listen backlog is limited to 100 connections
your mercy for graceful operations on workers is 60 seconds
mapped 166688 bytes (162 KB) for 2 cores
*** Operational MODE: threaded ***
WSGI app 0 (mountpoint='') ready in 0 seconds on interpreter 0x56540b629f60 pid: 17443 (default app)
uWSGI running as root, you can use --uid/--gid/--chroot options
*** WARNING: you are running uWSGI as root !!! (use the --uid flag) *** 
*** uWSGI is running in multiple interpreter mode ***
spawned uWSGI master process (pid: 17443)
spawned uWSGI worker 1 (pid: 17445, cores: 2)
[pid: 17445|app: 0|req: 1/1] 221.219.157.16 () {46 vars in 885 bytes} [Fri Mar 13 22:18:38 2020] GET /yinco/templates/index.html? => generated 26 bytes in 57 msecs (HTTP/1.1 400) 2 headers in 67 bytes (1 switches on core 0)
...brutally killing workers...
worker 1 buried after 1 seconds
binary reloading uWSGI...
chdir() to /home/YinCo/YinCo
closing all non-uwsgi socket fds > 2 (max_fd = 65535)...
found fd 3 mapped to socket 0 (127.0.0.1:8000)
running /usr/local/bin/uwsgi
[uWSGI] getting INI configuration from uwsgi.ini
*** Starting uWSGI 2.0.18 (64bit) on [Fri Mar 13 22:20:06 2020] ***
compiled with version: 7.4.0 on 03 March 2020 15:51:09
os: Linux-4.15.0-88-generic #88-Ubuntu SMP Tue Feb 11 20:11:34 UTC 2020
nodename: iZ2ze33r1a20f1k8g5muf0Z
machine: x86_64
clock source: unix
detected number of CPU cores: 1
current working directory: /home/YinCo/YinCo
detected binary path: /usr/local/bin/uwsgi
!!! no internal routing support, rebuild with pcre support !!!
uWSGI running as root, you can use --uid/--gid/--chroot options
*** WARNING: you are running uWSGI as root !!! (use the --uid flag) *** 
chdir() to /home/YinCo
your processes number limit is 7796
your memory page size is 4096 bytes
detected max file descriptor number: 65535
lock engine: pthread robust mutexes
thunder lock: disabled (you can enable it with --thunder-lock)
uwsgi socket 0 inherited INET address 127.0.0.1:8000 fd 3
uWSGI running as root, you can use --uid/--gid/--chroot options
*** WARNING: you are running uWSGI as root !!! (use the --uid flag) *** 
Python version: 3.6.9 (default, Nov  7 2019, 10:44:02)  [GCC 8.3.0]
Python main interpreter initialized at 0x55a75b2df9d0
uWSGI running as root, you can use --uid/--gid/--chroot options
*** WARNING: you are running uWSGI as root !!! (use the --uid flag) *** 
python threads support enabled
your server socket listen backlog is limited to 100 connections
your mercy for graceful operations on workers is 60 seconds
mapped 166688 bytes (162 KB) for 2 cores
*** Operational MODE: threaded ***
WSGI app 0 (mountpoint='') ready in 1 seconds on interpreter 0x55a75b2df9d0 pid: 17443 (default app)
uWSGI running as root, you can use --uid/--gid/--chroot options
*** WARNING: you are running uWSGI as root !!! (use the --uid flag) *** 
*** uWSGI is running in multiple interpreter mode ***
gracefully (RE)spawned uWSGI master process (pid: 17443)
spawned uWSGI worker 1 (pid: 17480, cores: 2)
Fri Mar 13 22:20:14 2020 - uWSGI worker 1 screams: UAAAAAAH my master disconnected: i will kill myself !!!
Fri Mar 13 22:20:14 2020 - uWSGI worker 1 screams: UAAAAAAH my master disconnected: i will kill myself !!!
*** Starting uWSGI 2.0.18 (64bit) on [Fri Mar 13 22:20:21 2020] ***
compiled with version: 7.4.0 on 03 March 2020 15:51:09
os: Linux-4.15.0-88-generic #88-Ubuntu SMP Tue Feb 11 20:11:34 UTC 2020
nodename: iZ2ze33r1a20f1k8g5muf0Z
machine: x86_64
clock source: unix
detected number of CPU cores: 1
current working directory: /home/YinCo/YinCo
writing pidfile to uwsgi.pid
detected binary path: /usr/local/bin/uwsgi
!!! no internal routing support, rebuild with pcre support !!!
uWSGI running as root, you can use --uid/--gid/--chroot options
*** WARNING: you are running uWSGI as root !!! (use the --uid flag) *** 
chdir() to /home/YinCo
your processes number limit is 7796
your memory page size is 4096 bytes
detected max file descriptor number: 65535
lock engine: pthread robust mutexes
thunder lock: disabled (you can enable it with --thunder-lock)
uwsgi socket 0 bound to TCP address 127.0.0.1:8000 fd 3
uWSGI running as root, you can use --uid/--gid/--chroot options
*** WARNING: you are running uWSGI as root !!! (use the --uid flag) *** 
Python version: 3.6.9 (default, Nov  7 2019, 10:44:02)  [GCC 8.3.0]
Python main interpreter initialized at 0x55cacb104f60
uWSGI running as root, you can use --uid/--gid/--chroot options
*** WARNING: you are running uWSGI as root !!! (use the --uid flag) *** 
python threads support enabled
your server socket listen backlog is limited to 100 connections
your mercy for graceful operations on workers is 60 seconds
mapped 166688 bytes (162 KB) for 2 cores
*** Operational MODE: threaded ***
WSGI app 0 (mountpoint='') ready in 0 seconds on interpreter 0x55cacb104f60 pid: 17491 (default app)
uWSGI running as root, you can use --uid/--gid/--chroot options
*** WARNING: you are running uWSGI as root !!! (use the --uid flag) *** 
*** uWSGI is running in multiple interpreter mode ***
spawned uWSGI master process (pid: 17491)
spawned uWSGI worker 1 (pid: 17493, cores: 2)
[pid: 17493|app: 0|req: 1/1] 177.20.167.250 () {32 vars in 445 bytes} [Fri Mar 13 22:48:47 2020] GET / => generated 26 bytes in 42 msecs (HTTP/1.1 400) 2 headers in 67 bytes (1 switches on core 0)
[pid: 17493|app: 0|req: 2/2] 162.243.129.126 () {34 vars in 404 bytes} [Fri Mar 13 23:37:15 2020] GET /portal/redlion => generated 26 bytes in 10 msecs (HTTP/1.1 400) 2 headers in 67 bytes (1 switches on core 1)
[pid: 17493|app: 0|req: 3/3] 47.116.8.232 () {38 vars in 625 bytes} [Sat Mar 14 01:13:04 2020] GET / => generated 26 bytes in 10 msecs (HTTP/1.1 400) 2 headers in 67 bytes (1 switches on core 0)
[pid: 17493|app: 0|req: 4/4] 47.116.8.232 () {38 vars in 671 bytes} [Sat Mar 14 01:13:04 2020] GET /explicit_not_exist_path => generated 26 bytes in 11 msecs (HTTP/1.1 400) 2 headers in 67 bytes (1 switches on core 1)
[pid: 17493|app: 0|req: 5/5] 47.116.8.232 () {38 vars in 645 bytes} [Sat Mar 14 01:13:04 2020] GET /index.html => generated 26 bytes in 27 msecs (HTTP/1.1 400) 2 headers in 67 bytes (1 switches on core 0)
[pid: 17493|app: 0|req: 6/6] 47.116.8.232 () {38 vars in 643 bytes} [Sat Mar 14 01:13:04 2020] GET /index.php => generated 26 bytes in 9 msecs (HTTP/1.1 400) 2 headers in 67 bytes (1 switches on core 1)
[pid: 17493|app: 0|req: 7/7] 47.116.8.232 () {38 vars in 643 bytes} [Sat Mar 14 01:13:04 2020] GET /index.jsp => generated 26 bytes in 9 msecs (HTTP/1.1 400) 2 headers in 67 bytes (1 switches on core 0)
[pid: 17493|app: 0|req: 8/8] 47.116.8.232 () {38 vars in 637 bytes} [Sat Mar 14 01:13:04 2020] GET /admin/ => generated 26 bytes in 9 msecs (HTTP/1.1 400) 2 headers in 67 bytes (1 switches on core 1)
[pid: 17493|app: 0|req: 9/9] 47.116.8.232 () {38 vars in 647 bytes} [Sat Mar 14 01:13:04 2020] GET /favicon.ico => generated 26 bytes in 10 msecs (HTTP/1.1 400) 2 headers in 67 bytes (1 switches on core 0)
[pid: 17493|app: 0|req: 10/10] 47.116.8.232 () {38 vars in 645 bytes} [Sat Mar 14 01:13:04 2020] GET /robots.txt => generated 26 bytes in 10 msecs (HTTP/1.1 400) 2 headers in 67 bytes (1 switches on core 1)
[pid: 17493|app: 0|req: 11/11] 47.116.8.232 () {38 vars in 681 bytes} [Sat Mar 14 01:13:04 2020] GET /tpl/public/js/url_control.js => generated 26 bytes in 10 msecs (HTTP/1.1 400) 2 headers in 67 bytes (1 switches on core 0)
[pid: 17493|app: 0|req: 12/12] 47.116.8.232 () {38 vars in 687 bytes} [Sat Mar 14 01:13:04 2020] GET /tpl/login/user/images/tabli.png => generated 26 bytes in 9 msecs (HTTP/1.1 400) 2 headers in 67 bytes (1 switches on core 1)
[pid: 17493|app: 0|req: 13/13] 47.116.8.232 () {38 vars in 697 bytes} [Sat Mar 14 01:13:04 2020] GET /tpl/user/tpl1/images/blue/bodybg.gif => generated 26 bytes in 9 msecs (HTTP/1.1 400) 2 headers in 67 bytes (1 switches on core 0)
[pid: 17493|app: 0|req: 14/14] 47.116.8.232 () {38 vars in 677 bytes} [Sat Mar 14 01:13:04 2020] GET /tpl/public/images/logo.png => generated 26 bytes in 9 msecs (HTTP/1.1 400) 2 headers in 67 bytes (1 switches on core 1)
[pid: 17493|app: 0|req: 15/15] 47.116.8.232 () {38 vars in 663 bytes} [Sat Mar 14 01:13:04 2020] GET /images/login/bg.gif => generated 26 bytes in 9 msecs (HTTP/1.1 400) 2 headers in 67 bytes (1 switches on core 0)
[pid: 17493|app: 0|req: 16/16] 47.116.8.232 () {38 vars in 657 bytes} [Sat Mar 14 01:13:05 2020] GET /eyoucopyright.js => generated 26 bytes in 9 msecs (HTTP/1.1 400) 2 headers in 67 bytes (1 switches on core 1)
[pid: 17493|app: 0|req: 17/17] 47.116.8.232 () {38 vars in 681 bytes} [Sat Mar 14 01:13:05 2020] GET /tpl/user/tpl1/js/settings.js => generated 26 bytes in 9 msecs (HTTP/1.1 400) 2 headers in 67 bytes (1 switches on core 0)
[pid: 17493|app: 0|req: 18/18] 47.116.8.232 () {38 vars in 648 bytes} [Sat Mar 14 01:13:05 2020] GET /user/?q=help => generated 26 bytes in 9 msecs (HTTP/1.1 400) 2 headers in 67 bytes (1 switches on core 1)
[pid: 17493|app: 0|req: 19/19] 47.116.8.232 () {38 vars in 633 bytes} [Sat Mar 14 01:13:05 2020] GET /wcm/ => generated 26 bytes in 9 msecs (HTTP/1.1 400) 2 headers in 67 bytes (1 switches on core 0)
[pid: 17493|app: 0|req: 20/20] 47.116.8.232 () {38 vars in 647 bytes} [Sat Mar 14 01:13:05 2020] GET /phpMyAdmin/ => generated 26 bytes in 9 msecs (HTTP/1.1 400) 2 headers in 67 bytes (1 switches on core 1)
[pid: 17493|app: 0|req: 21/21] 47.116.8.232 () {38 vars in 647 bytes} [Sat Mar 14 01:13:05 2020] GET /phpmyadmin/ => generated 26 bytes in 9 msecs (HTTP/1.1 400) 2 headers in 67 bytes (1 switches on core 0)
[pid: 17493|app: 0|req: 22/22] 128.14.134.170 () {34 vars in 469 bytes} [Sat Mar 14 03:11:29 2020] GET / => generated 26 bytes in 9 msecs (HTTP/1.1 400) 2 headers in 67 bytes (1 switches on core 1)
[pid: 17493|app: 0|req: 23/23] 34.91.245.254 () {28 vars in 292 bytes} [Sat Mar 14 03:23:11 2020] OPTIONS / => generated 26 bytes in 10 msecs (HTTP/1.0 400) 2 headers in 67 bytes (1 switches on core 0)
[pid: 17493|app: 0|req: 24/24] 112.193.170.61 () {26 vars in 262 bytes} [Sat Mar 14 04:27:23 2020] GET / => generated 26 bytes in 10 msecs (HTTP/1.0 400) 2 headers in 67 bytes (1 switches on core 1)
[pid: 17493|app: 0|req: 26/25] 112.193.170.61 () {32 vars in 459 bytes} [Sat Mar 14 04:27:33 2020] GET /nmaplowercheck1584131253 => generated 26 bytes in 19 msecs (HTTP/1.1 400) 2 headers in 67 bytes (1 switches on core 0)
[pid: 17493|app: 0|req: 27/26] 112.193.170.61 () {34 vars in 447 bytes} [Sat Mar 14 04:27:33 2020] POST /sdk => generated 26 bytes in 21 msecs (HTTP/1.1 400) 2 headers in 67 bytes (1 switches on core 1)
[pid: 17493|app: 0|req: 27/27] 112.193.170.61 () {26 vars in 262 bytes} [Sat Mar 14 04:27:33 2020] GET / => generated 26 bytes in 8 msecs (HTTP/1.0 400) 2 headers in 67 bytes (1 switches on core 0)
[pid: 17493|app: 0|req: 29/28] 112.193.170.61 () {28 vars in 289 bytes} [Sat Mar 14 04:27:33 2020] GET / => generated 26 bytes in 18 msecs (HTTP/1.1 400) 2 headers in 67 bytes (1 switches on core 1)
[pid: 17493|app: 0|req: 29/29] 112.193.170.61 () {32 vars in 431 bytes} [Sat Mar 14 04:27:33 2020] GET /evox/about => generated 26 bytes in 14 msecs (HTTP/1.1 400) 2 headers in 67 bytes (1 switches on core 0)
[pid: 17493|app: 0|req: 30/30] 112.193.170.61 () {32 vars in 421 bytes} [Sat Mar 14 04:27:33 2020] GET /HNAP1 => generated 26 bytes in 9 msecs (HTTP/1.1 400) 2 headers in 67 bytes (1 switches on core 1)
[pid: 17493|app: 0|req: 31/31] 112.193.170.61 () {32 vars in 337 bytes} [Sat Mar 14 04:27:44 2020] GET / => generated 26 bytes in 10 msecs (HTTP/1.1 400) 2 headers in 67 bytes (1 switches on core 0)
[pid: 17493|app: 0|req: 32/32] 51.254.59.113 () {32 vars in 431 bytes} [Sat Mar 14 04:45:06 2020] GET / => generated 26 bytes in 10 msecs (HTTP/1.1 400) 2 headers in 67 bytes (1 switches on core 1)
[pid: 17493|app: 0|req: 33/33] 91.210.148.1 () {32 vars in 443 bytes} [Sat Mar 14 05:51:20 2020] GET / => generated 26 bytes in 9 msecs (HTTP/1.1 400) 2 headers in 67 bytes (1 switches on core 0)
[pid: 17493|app: 0|req: 34/34] 193.202.44.194 () {26 vars in 283 bytes} [Sat Mar 14 06:25:40 2020] HEAD /robots.txt => generated 26 bytes in 12 msecs (HTTP/1.0 400) 2 headers in 67 bytes (1 switches on core 1)
[pid: 17493|app: 0|req: 35/35] 178.93.11.165 () {32 vars in 445 bytes} [Sat Mar 14 06:27:41 2020] GET / => generated 26 bytes in 9 msecs (HTTP/1.1 400) 2 headers in 67 bytes (1 switches on core 0)
[pid: 17493|app: 0|req: 36/36] 196.52.43.93 () {30 vars in 400 bytes} [Sat Mar 14 07:00:37 2020] GET / => generated 26 bytes in 9 msecs (HTTP/1.0 400) 2 headers in 67 bytes (1 switches on core 1)
[pid: 17493|app: 0|req: 37/37] 83.97.20.34 () {26 vars in 258 bytes} [Sat Mar 14 07:13:00 2020] GET / => generated 26 bytes in 9 msecs (HTTP/1.0 400) 2 headers in 67 bytes (1 switches on core 0)
[pid: 17493|app: 0|req: 38/38] 80.82.70.187 () {32 vars in 413 bytes} [Sat Mar 14 07:42:23 2020] GET /cache/global/img/gs.gif => generated 26 bytes in 9 msecs (HTTP/1.1 400) 2 headers in 67 bytes (1 switches on core 1)
[pid: 17493|app: 0|req: 39/39] 182.138.137.171 () {44 vars in 751 bytes} [Sat Mar 14 09:01:10 2020] HEAD / => generated 26 bytes in 10 msecs (HTTP/1.1 400) 2 headers in 67 bytes (1 switches on core 0)
[pid: 17493|app: 0|req: 40/40] 171.67.71.97 () {34 vars in 373 bytes} [Sat Mar 14 09:28:39 2020] GET / => generated 26 bytes in 10 msecs (HTTP/1.1 400) 2 headers in 67 bytes (1 switches on core 1)
[pid: 17493|app: 0|req: 41/41] 47.104.235.135 () {30 vars in 340 bytes} [Sat Mar 14 09:56:34 2020] GET /phpmyadmin/ => generated 26 bytes in 10 msecs (HTTP/1.1 400) 2 headers in 67 bytes (1 switches on core 0)
[pid: 17493|app: 0|req: 42/42] 47.104.235.135 () {28 vars in 311 bytes} [Sat Mar 14 09:56:37 2020] GET /phpmyadmin/ => generated 26 bytes in 10 msecs (HTTP/1.1 400) 2 headers in 67 bytes (1 switches on core 1)
[pid: 17493|app: 0|req: 43/43] 47.104.235.135 () {28 vars in 297 bytes} [Sat Mar 14 09:56:40 2020] GET /pmd/ => generated 26 bytes in 10 msecs (HTTP/1.1 400) 2 headers in 67 bytes (1 switches on core 0)
[pid: 17493|app: 0|req: 44/44] 47.104.235.135 () {28 vars in 297 bytes} [Sat Mar 14 09:56:43 2020] GET /pmd/ => generated 26 bytes in 10 msecs (HTTP/1.1 400) 2 headers in 67 bytes (1 switches on core 1)
[pid: 17493|app: 0|req: 45/45] 47.104.235.135 () {28 vars in 297 bytes} [Sat Mar 14 09:56:46 2020] GET /pma/ => generated 26 bytes in 10 msecs (HTTP/1.1 400) 2 headers in 67 bytes (1 switches on core 0)
[pid: 17493|app: 0|req: 46/46] 47.104.235.135 () {28 vars in 297 bytes} [Sat Mar 14 09:56:49 2020] GET /pma/ => generated 26 bytes in 10 msecs (HTTP/1.1 400) 2 headers in 67 bytes (1 switches on core 1)
[pid: 17493|app: 0|req: 47/47] 47.104.235.135 () {28 vars in 321 bytes} [Sat Mar 14 09:56:52 2020] GET /phpmyadmin4.8.5/ => generated 26 bytes in 9 msecs (HTTP/1.1 400) 2 headers in 67 bytes (1 switches on core 0)
[pid: 17493|app: 0|req: 48/48] 47.104.235.135 () {28 vars in 321 bytes} [Sat Mar 14 09:56:55 2020] GET /phpmyadmin4.8.5/ => generated 26 bytes in 10 msecs (HTTP/1.1 400) 2 headers in 67 bytes (1 switches on core 1)
[pid: 17493|app: 0|req: 49/49] 171.67.71.243 () {34 vars in 374 bytes} [Sat Mar 14 10:38:25 2020] GET / => generated 26 bytes in 10 msecs (HTTP/1.1 400) 2 headers in 67 bytes (1 switches on core 0)
SIGINT/SIGQUIT received...killing workers...
worker 1 buried after 1 seconds
goodbye to uWSGI.
*** Starting uWSGI 2.0.18 (64bit) on [Sat Mar 14 12:32:43 2020] ***
compiled with version: 7.4.0 on 03 March 2020 15:51:09
os: Linux-4.15.0-88-generic #88-Ubuntu SMP Tue Feb 11 20:11:34 UTC 2020
nodename: iZ2ze33r1a20f1k8g5muf0Z
machine: x86_64
clock source: unix
detected number of CPU cores: 1
current working directory: /home/YinCo/YinCo
writing pidfile to uwsgi.pid
detected binary path: /usr/local/bin/uwsgi
!!! no internal routing support, rebuild with pcre support !!!
uWSGI running as root, you can use --uid/--gid/--chroot options
*** WARNING: you are running uWSGI as root !!! (use the --uid flag) *** 
chdir() to /home/YinCo
your processes number limit is 7796
your memory page size is 4096 bytes
detected max file descriptor number: 65535
lock engine: pthread robust mutexes
thunder lock: disabled (you can enable it with --thunder-lock)
bind(): Cannot assign requested address [core/socket.c line 769]
*** Starting uWSGI 2.0.18 (64bit) on [Sat Mar 14 12:33:42 2020] ***
compiled with version: 7.4.0 on 03 March 2020 15:51:09
os: Linux-4.15.0-88-generic #88-Ubuntu SMP Tue Feb 11 20:11:34 UTC 2020
nodename: iZ2ze33r1a20f1k8g5muf0Z
machine: x86_64
clock source: unix
detected number of CPU cores: 1
current working directory: /home/YinCo/YinCo
writing pidfile to uwsgi.pid
detected binary path: /usr/local/bin/uwsgi
!!! no internal routing support, rebuild with pcre support !!!
uWSGI running as root, you can use --uid/--gid/--chroot options
*** WARNING: you are running uWSGI as root !!! (use the --uid flag) *** 
chdir() to /home/YinCo
your processes number limit is 7796
your memory page size is 4096 bytes
detected max file descriptor number: 65535
lock engine: pthread robust mutexes
thunder lock: disabled (you can enable it with --thunder-lock)
bind(): Cannot assign requested address [core/socket.c line 769]
*** Starting uWSGI 2.0.18 (64bit) on [Sat Mar 14 12:36:07 2020] ***
compiled with version: 7.4.0 on 03 March 2020 15:51:09
os: Linux-4.15.0-88-generic #88-Ubuntu SMP Tue Feb 11 20:11:34 UTC 2020
nodename: iZ2ze33r1a20f1k8g5muf0Z
machine: x86_64
clock source: unix
detected number of CPU cores: 1
current working directory: /home/YinCo/YinCo
writing pidfile to uwsgi.pid
detected binary path: /usr/local/bin/uwsgi
!!! no internal routing support, rebuild with pcre support !!!
uWSGI running as root, you can use --uid/--gid/--chroot options
*** WARNING: you are running uWSGI as root !!! (use the --uid flag) *** 
chdir() to /home/YinCo
your processes number limit is 7796
your memory page size is 4096 bytes
detected max file descriptor number: 65535
lock engine: pthread robust mutexes
thunder lock: disabled (you can enable it with --thunder-lock)
uwsgi socket 0 bound to TCP address 127.0.0.1:8000 fd 3
uWSGI running as root, you can use --uid/--gid/--chroot options
*** WARNING: you are running uWSGI as root !!! (use the --uid flag) *** 
Python version: 3.6.9 (default, Nov  7 2019, 10:44:02)  [GCC 8.3.0]
Python main interpreter initialized at 0x55d1d7eabe30
uWSGI running as root, you can use --uid/--gid/--chroot options
*** WARNING: you are running uWSGI as root !!! (use the --uid flag) *** 
python threads support enabled
your server socket listen backlog is limited to 100 connections
your mercy for graceful operations on workers is 60 seconds
mapped 166688 bytes (162 KB) for 2 cores
*** Operational MODE: threaded ***
WSGI app 0 (mountpoint='') ready in 0 seconds on interpreter 0x55d1d7eabe30 pid: 21176 (default app)
uWSGI running as root, you can use --uid/--gid/--chroot options
*** WARNING: you are running uWSGI as root !!! (use the --uid flag) *** 
*** uWSGI is running in multiple interpreter mode ***
spawned uWSGI master process (pid: 21176)
spawned uWSGI worker 1 (pid: 21178, cores: 2)
[pid: 21178|app: 0|req: 1/1] 101.133.226.32 () {26 vars in 262 bytes} [Sat Mar 14 13:00:10 2020] GET / => generated 26 bytes in 42 msecs (HTTP/1.0 400) 2 headers in 67 bytes (1 switches on core 0)
[pid: 21178|app: 0|req: 2/2] 101.133.226.32 () {32 vars in 513 bytes} [Sat Mar 14 13:00:23 2020] GET /nmaplowercheck1584162023 => generated 26 bytes in 10 msecs (HTTP/1.1 400) 2 headers in 67 bytes (1 switches on core 1)
[pid: 21178|app: 0|req: 3/3] 101.133.226.32 () {32 vars in 475 bytes} [Sat Mar 14 13:00:24 2020] GET /HNAP1 => generated 26 bytes in 10 msecs (HTTP/1.1 400) 2 headers in 67 bytes (1 switches on core 0)
[pid: 21178|app: 0|req: 4/4] 101.133.226.32 () {26 vars in 262 bytes} [Sat Mar 14 13:00:34 2020] GET / => generated 26 bytes in 10 msecs (HTTP/1.0 400) 2 headers in 67 bytes (1 switches on core 1)
[pid: 21178|app: 0|req: 5/5] 101.133.226.32 () {32 vars in 485 bytes} [Sat Mar 14 13:00:35 2020] GET /evox/about => generated 26 bytes in 30 msecs (HTTP/1.1 400) 2 headers in 67 bytes (1 switches on core 0)
[pid: 21178|app: 0|req: 6/6] 101.133.226.32 () {34 vars in 501 bytes} [Sat Mar 14 13:00:35 2020] POST /sdk => generated 26 bytes in 9 msecs (HTTP/1.1 400) 2 headers in 67 bytes (1 switches on core 1)
[pid: 21178|app: 0|req: 7/7] 101.133.226.32 () {26 vars in 262 bytes} [Sat Mar 14 13:00:57 2020] GET / => generated 26 bytes in 9 msecs (HTTP/1.0 400) 2 headers in 67 bytes (1 switches on core 0)
[pid: 21178|app: 0|req: 8/8] 101.133.226.32 () {28 vars in 289 bytes} [Sat Mar 14 13:00:57 2020] GET / => generated 26 bytes in 9 msecs (HTTP/1.1 400) 2 headers in 67 bytes (1 switches on core 1)
[pid: 21178|app: 0|req: 9/9] 59.36.119.227 () {38 vars in 605 bytes} [Sat Mar 14 13:18:21 2020] GET / => generated 26 bytes in 9 msecs (HTTP/1.1 400) 2 headers in 67 bytes (1 switches on core 0)
[pid: 21178|app: 0|req: 11/10] 171.67.70.112 () {34 vars in 374 bytes} [Sat Mar 14 13:30:43 2020] GET / => generated 26 bytes in 19 msecs (HTTP/1.1 400) 2 headers in 67 bytes (1 switches on core 1)
[pid: 21178|app: 0|req: 11/11] 171.67.70.112 () {34 vars in 374 bytes} [Sat Mar 14 13:30:43 2020] GET / => generated 26 bytes in 13 msecs (HTTP/1.1 400) 2 headers in 67 bytes (1 switches on core 0)
[pid: 21178|app: 0|req: 12/12] 171.67.70.112 () {34 vars in 374 bytes} [Sat Mar 14 13:30:45 2020] GET / => generated 26 bytes in 9 msecs (HTTP/1.1 400) 2 headers in 67 bytes (1 switches on core 1)
[pid: 21178|app: 0|req: 13/13] 98.234.143.40 () {28 vars in 288 bytes} [Sat Mar 14 13:31:48 2020] GET / => generated 26 bytes in 10 msecs (HTTP/1.1 400) 2 headers in 67 bytes (1 switches on core 0)
[pid: 21178|app: 0|req: 14/14] 171.67.70.112 () {34 vars in 374 bytes} [Sat Mar 14 13:34:24 2020] GET / => generated 26 bytes in 9 msecs (HTTP/1.1 400) 2 headers in 67 bytes (1 switches on core 1)
SIGINT/SIGQUIT received...killing workers...
worker 1 buried after 1 seconds
goodbye to uWSGI.
*** Starting uWSGI 2.0.18 (64bit) on [Sun Mar 15 17:59:03 2020] ***
compiled with version: 7.4.0 on 03 March 2020 15:51:09
os: Linux-4.15.0-88-generic #88-Ubuntu SMP Tue Feb 11 20:11:34 UTC 2020
nodename: iZ2ze33r1a20f1k8g5muf0Z
machine: x86_64
clock source: unix
detected number of CPU cores: 1
current working directory: /home/YinCo/YinCo
writing pidfile to uwsgi.pid
detected binary path: /usr/local/bin/uwsgi
!!! no internal routing support, rebuild with pcre support !!!
uWSGI running as root, you can use --uid/--gid/--chroot options
*** WARNING: you are running uWSGI as root !!! (use the --uid flag) *** 
chdir() to /home/YinCo
your processes number limit is 7796
your memory page size is 4096 bytes
detected max file descriptor number: 65535
lock engine: pthread robust mutexes
thunder lock: disabled (you can enable it with --thunder-lock)
uwsgi socket 0 bound to TCP address 127.0.0.1:8000 fd 3
uWSGI running as root, you can use --uid/--gid/--chroot options
*** WARNING: you are running uWSGI as root !!! (use the --uid flag) *** 
Python version: 3.6.9 (default, Nov  7 2019, 10:44:02)  [GCC 8.3.0]
Python main interpreter initialized at 0x559ffd9eefd0
uWSGI running as root, you can use --uid/--gid/--chroot options
*** WARNING: you are running uWSGI as root !!! (use the --uid flag) *** 
python threads support enabled
your server socket listen backlog is limited to 100 connections
your mercy for graceful operations on workers is 60 seconds
mapped 166688 bytes (162 KB) for 2 cores
*** Operational MODE: threaded ***
WSGI app 0 (mountpoint='') ready in 0 seconds on interpreter 0x559ffd9eefd0 pid: 28333 (default app)
uWSGI running as root, you can use --uid/--gid/--chroot options
*** WARNING: you are running uWSGI as root !!! (use the --uid flag) *** 
*** uWSGI is running in multiple interpreter mode ***
spawned uWSGI master process (pid: 28333)
spawned uWSGI worker 1 (pid: 28335, cores: 2)
SIGINT/SIGQUIT received...killing workers...
worker 1 buried after 1 seconds
goodbye to uWSGI.
*** Starting uWSGI 2.0.18 (64bit) on [Sun Mar 15 18:02:27 2020] ***
compiled with version: 7.4.0 on 03 March 2020 15:51:09
os: Linux-4.15.0-88-generic #88-Ubuntu SMP Tue Feb 11 20:11:34 UTC 2020
nodename: iZ2ze33r1a20f1k8g5muf0Z
machine: x86_64
clock source: unix
detected number of CPU cores: 1
current working directory: /home/YinCo/YinCo
writing pidfile to uwsgi.pid
detected binary path: /usr/local/bin/uwsgi
!!! no internal routing support, rebuild with pcre support !!!
uWSGI running as root, you can use --uid/--gid/--chroot options
*** WARNING: you are running uWSGI as root !!! (use the --uid flag) *** 
chdir() to /home/YinCo
your processes number limit is 7796
your memory page size is 4096 bytes
detected max file descriptor number: 65535
lock engine: pthread robust mutexes
thunder lock: disabled (you can enable it with --thunder-lock)
bind(): Cannot assign requested address [core/socket.c line 769]
*** Starting uWSGI 2.0.18 (64bit) on [Sun Mar 15 18:09:55 2020] ***
compiled with version: 7.4.0 on 03 March 2020 15:51:09
os: Linux-4.15.0-88-generic #88-Ubuntu SMP Tue Feb 11 20:11:34 UTC 2020
nodename: iZ2ze33r1a20f1k8g5muf0Z
machine: x86_64
clock source: unix
detected number of CPU cores: 1
current working directory: /home/YinCo/YinCo
writing pidfile to uwsgi.pid
detected binary path: /usr/local/bin/uwsgi
!!! no internal routing support, rebuild with pcre support !!!
uWSGI running as root, you can use --uid/--gid/--chroot options
*** WARNING: you are running uWSGI as root !!! (use the --uid flag) *** 
chdir() to /home/YinCo
your processes number limit is 7796
your memory page size is 4096 bytes
detected max file descriptor number: 65535
lock engine: pthread robust mutexes
thunder lock: disabled (you can enable it with --thunder-lock)
uwsgi socket 0 bound to TCP address 127.0.0.1:8000 fd 3
uWSGI running as root, you can use --uid/--gid/--chroot options
*** WARNING: you are running uWSGI as root !!! (use the --uid flag) *** 
Python version: 3.6.9 (default, Nov  7 2019, 10:44:02)  [GCC 8.3.0]
Python main interpreter initialized at 0x55ad6cac5fd0
uWSGI running as root, you can use --uid/--gid/--chroot options
*** WARNING: you are running uWSGI as root !!! (use the --uid flag) *** 
python threads support enabled
your server socket listen backlog is limited to 100 connections
your mercy for graceful operations on workers is 60 seconds
mapped 166688 bytes (162 KB) for 2 cores
*** Operational MODE: threaded ***
WSGI app 0 (mountpoint='') ready in 1 seconds on interpreter 0x55ad6cac5fd0 pid: 28481 (default app)
uWSGI running as root, you can use --uid/--gid/--chroot options
*** WARNING: you are running uWSGI as root !!! (use the --uid flag) *** 
*** uWSGI is running in multiple interpreter mode ***
spawned uWSGI master process (pid: 28481)
spawned uWSGI worker 1 (pid: 28483, cores: 2)
[pid: 28483|app: 0|req: 1/1] 120.244.112.124 () {46 vars in 909 bytes} [Sun Mar 15 18:12:42 2020] GET /yinco/templates/index.html => generated 100 bytes in 17 msecs (HTTP/1.1 404) 4 headers in 115 bytes (1 switches on core 0)
[pid: 28483|app: 0|req: 2/2] 120.244.112.124 () {44 vars in 784 bytes} [Sun Mar 15 18:12:42 2020] GET /favicon.ico => generated 85 bytes in 1 msecs (HTTP/1.1 404) 4 headers in 114 bytes (1 switches on core 1)
[pid: 28483|app: 0|req: 3/3] 120.244.112.124 () {46 vars in 909 bytes} [Sun Mar 15 18:12:44 2020] GET /yinco/templates/index.html => generated 100 bytes in 1 msecs (HTTP/1.1 404) 4 headers in 115 bytes (1 switches on core 1)
[pid: 28483|app: 0|req: 4/4] 120.244.112.124 () {44 vars in 784 bytes} [Sun Mar 15 18:12:44 2020] GET /favicon.ico => generated 85 bytes in 1 msecs (HTTP/1.1 404) 4 headers in 114 bytes (1 switches on core 1)
[pid: 28483|app: 0|req: 5/5] 120.244.112.124 () {46 vars in 909 bytes} [Sun Mar 15 18:13:51 2020] GET /yinco/templates/index.html => generated 100 bytes in 1 msecs (HTTP/1.1 404) 4 headers in 115 bytes (1 switches on core 0)
[pid: 28483|app: 0|req: 6/6] 120.244.112.124 () {46 vars in 909 bytes} [Sun Mar 15 18:13:52 2020] GET /yinco/templates/index.html => generated 100 bytes in 1 msecs (HTTP/1.1 404) 4 headers in 115 bytes (1 switches on core 0)
[pid: 28483|app: 0|req: 7/7] 120.244.112.124 () {46 vars in 909 bytes} [Sun Mar 15 18:13:53 2020] GET /yinco/templates/index.html => generated 100 bytes in 1 msecs (HTTP/1.1 404) 4 headers in 115 bytes (1 switches on core 1)
[pid: 28483|app: 0|req: 8/8] 120.244.112.124 () {46 vars in 901 bytes} [Sun Mar 15 18:18:11 2020] GET /yinco/templates/index.html => generated 100 bytes in 1 msecs (HTTP/1.1 404) 4 headers in 115 bytes (1 switches on core 1)
[pid: 28483|app: 0|req: 9/9] 120.244.112.124 () {44 vars in 776 bytes} [Sun Mar 15 18:18:11 2020] GET /favicon.ico => generated 85 bytes in 1 msecs (HTTP/1.1 404) 4 headers in 114 bytes (1 switches on core 0)
[pid: 28483|app: 0|req: 10/10] 120.244.112.124 () {46 vars in 901 bytes} [Sun Mar 15 18:18:14 2020] GET /yinco/templates/index.html => generated 100 bytes in 1 msecs (HTTP/1.1 404) 4 headers in 115 bytes (1 switches on core 1)
[pid: 28483|app: 0|req: 11/11] 120.244.112.124 () {44 vars in 776 bytes} [Sun Mar 15 18:18:14 2020] GET /favicon.ico => generated 85 bytes in 1 msecs (HTTP/1.1 404) 4 headers in 114 bytes (1 switches on core 0)
[pid: 28483|app: 0|req: 12/12] 139.162.88.63 () {32 vars in 400 bytes} [Sun Mar 15 18:19:01 2020] GET /echo.php?info=1234567890 => generated 26 bytes in 29 msecs (HTTP/1.1 400) 2 headers in 67 bytes (1 switches on core 1)
[pid: 28483|app: 0|req: 13/13] 120.244.112.124 () {46 vars in 909 bytes} [Sun Mar 15 18:23:47 2020] GET /yinco/templates/index.html => generated 100 bytes in 1 msecs (HTTP/1.1 404) 4 headers in 115 bytes (1 switches on core 0)
[pid: 28483|app: 0|req: 14/14] 120.244.112.124 () {46 vars in 909 bytes} [Sun Mar 15 18:23:48 2020] GET /yinco/templates/index.html => generated 100 bytes in 1 msecs (HTTP/1.1 404) 4 headers in 115 bytes (1 switches on core 1)
[pid: 28483|app: 0|req: 15/15] 162.243.133.75 () {34 vars in 387 bytes} [Sun Mar 15 19:58:42 2020] GET /hudson => generated 80 bytes in 1 msecs (HTTP/1.1 404) 4 headers in 114 bytes (1 switches on core 0)
[pid: 28483|app: 0|req: 16/16] 139.205.177.90 () {36 vars in 743 bytes} [Sun Mar 15 21:26:45 2020] GET /erm/help/how_to_getstarted.html => generated 105 bytes in 1 msecs (HTTP/1.1 404) 4 headers in 115 bytes (1 switches on core 1)
[pid: 28483|app: 0|req: 17/17] 139.205.177.90 () {36 vars in 681 bytes} [Sun Mar 15 21:26:45 2020] GET / => generated 74 bytes in 0 msecs (HTTP/1.1 404) 4 headers in 114 bytes (1 switches on core 1)
[pid: 28483|app: 0|req: 18/18] 139.205.177.90 () {36 vars in 695 bytes} [Sun Mar 15 21:26:45 2020] GET /cn.gzjs => generated 81 bytes in 0 msecs (HTTP/1.1 404) 4 headers in 114 bytes (1 switches on core 0)
[pid: 28483|app: 0|req: 19/19] 139.205.177.90 () {36 vars in 722 bytes} [Sun Mar 15 21:26:45 2020] GET /index.html?findcli=-1 => generated 84 bytes in 1 msecs (HTTP/1.1 404) 4 headers in 114 bytes (1 switches on core 0)
[pid: 28483|app: 0|req: 20/20] 139.205.177.90 () {36 vars in 707 bytes} [Sun Mar 15 21:26:45 2020] GET /goip/cron.htm => generated 87 bytes in 0 msecs (HTTP/1.1 404) 4 headers in 114 bytes (1 switches on core 0)
[pid: 28483|app: 0|req: 21/21] 139.205.177.90 () {36 vars in 741 bytes} [Sun Mar 15 21:26:45 2020] GET /eims3/assets/bundle/commons.js => generated 104 bytes in 0 msecs (HTTP/1.1 404) 4 headers in 115 bytes (1 switches on core 0)
[pid: 28483|app: 0|req: 23/22] 139.205.177.90 () {36 vars in 743 bytes} [Sun Mar 15 21:26:45 2020] GET /EIMSII/assets/bundle/commons.js => generated 105 bytes in 1 msecs (HTTP/1.1 404) 4 headers in 115 bytes (1 switches on core 1)
[pid: 28483|app: 0|req: 23/23] 139.205.177.90 () {36 vars in 739 bytes} [Sun Mar 15 21:26:45 2020] GET /etms/assets/bundle/commons.js => generated 103 bytes in 1 msecs (HTTP/1.1 404) 4 headers in 115 bytes (1 switches on core 0)
[pid: 28483|app: 0|req: 24/24] 139.205.177.90 () {36 vars in 723 bytes} [Sun Mar 15 21:26:45 2020] GET /smb_scheduler/cdr.htm => generated 95 bytes in 2 msecs (HTTP/1.1 404) 4 headers in 114 bytes (1 switches on core 1)
[pid: 28483|app: 0|req: 25/25] 80.82.70.187 () {32 vars in 413 bytes} [Sun Mar 15 22:24:20 2020] GET /cache/global/img/gs.gif => generated 26 bytes in 28 msecs (HTTP/1.1 400) 2 headers in 67 bytes (1 switches on core 0)
[pid: 28483|app: 0|req: 26/26] 202.91.69.246 () {32 vars in 445 bytes} [Sun Mar 15 23:18:54 2020] GET / => generated 74 bytes in 1 msecs (HTTP/1.1 404) 4 headers in 114 bytes (1 switches on core 1)
[pid: 28483|app: 0|req: 27/27] 119.23.139.140 () {26 vars in 262 bytes} [Mon Mar 16 01:54:49 2020] GET / => generated 26 bytes in 10 msecs (HTTP/1.0 400) 2 headers in 67 bytes (1 switches on core 1)
[pid: 28483|app: 0|req: 28/28] 5.188.210.101 () {46 vars in 643 bytes} [Mon Mar 16 02:32:16 2020] GET /echo.php => generated 26 bytes in 10 msecs (HTTP/1.1 400) 2 headers in 67 bytes (1 switches on core 0)
[pid: 28483|app: 0|req: 29/29] 138.99.242.120 () {38 vars in 511 bytes} [Mon Mar 16 03:14:53 2020] GET / => generated 74 bytes in 1 msecs (HTTP/1.0 404) 4 headers in 114 bytes (1 switches on core 1)
[pid: 28483|app: 0|req: 30/30] 178.73.215.171 () {28 vars in 280 bytes} [Mon Mar 16 04:13:59 2020] GET / => generated 26 bytes in 10 msecs (HTTP/1.0 400) 2 headers in 67 bytes (1 switches on core 0)
[pid: 28483|app: 0|req: 31/31] 47.101.149.80 () {34 vars in 440 bytes} [Mon Mar 16 04:35:26 2020] GET / => generated 74 bytes in 1 msecs (HTTP/1.1 404) 4 headers in 114 bytes (1 switches on core 1)
[pid: 28483|app: 0|req: 32/32] 192.241.239.119 () {34 vars in 404 bytes} [Mon Mar 16 04:38:50 2020] GET /portal/redlion => generated 88 bytes in 1 msecs (HTTP/1.1 404) 4 headers in 114 bytes (1 switches on core 1)
[pid: 28483|app: 0|req: 33/33] 212.83.129.11 () {30 vars in 317 bytes} [Mon Mar 16 04:51:18 2020] GET / => generated 74 bytes in 1 msecs (HTTP/1.1 404) 4 headers in 114 bytes (1 switches on core 1)
[pid: 28483|app: 0|req: 34/34] 212.83.129.11 () {28 vars in 288 bytes} [Mon Mar 16 04:51:18 2020] GET / => generated 74 bytes in 1 msecs (HTTP/1.1 404) 4 headers in 114 bytes (1 switches on core 1)
[pid: 28483|app: 0|req: 35/35] 139.162.106.181 () {32 vars in 382 bytes} [Mon Mar 16 05:33:37 2020] GET / => generated 74 bytes in 1 msecs (HTTP/1.1 404) 4 headers in 114 bytes (1 switches on core 0)
SIGINT/SIGQUIT received...killing workers...
worker 1 buried after 1 seconds
goodbye to uWSGI.
*** Starting uWSGI 2.0.18 (64bit) on [Mon Mar 16 06:40:56 2020] ***
compiled with version: 7.4.0 on 03 March 2020 15:51:09
os: Linux-4.15.0-88-generic #88-Ubuntu SMP Tue Feb 11 20:11:34 UTC 2020
nodename: iZ2ze33r1a20f1k8g5muf0Z
machine: x86_64
clock source: unix
detected number of CPU cores: 1
current working directory: /home/YinCo/YinCo
writing pidfile to uwsgi.pid
detected binary path: /usr/local/bin/uwsgi
!!! no internal routing support, rebuild with pcre support !!!
uWSGI running as root, you can use --uid/--gid/--chroot options
*** WARNING: you are running uWSGI as root !!! (use the --uid flag) *** 
chdir() to /home/YinCo
your processes number limit is 7796
your memory page size is 4096 bytes
detected max file descriptor number: 65535
lock engine: pthread robust mutexes
thunder lock: disabled (you can enable it with --thunder-lock)
uwsgi socket 0 bound to TCP address 127.0.0.1:8000 fd 3
uWSGI running as root, you can use --uid/--gid/--chroot options
*** WARNING: you are running uWSGI as root !!! (use the --uid flag) *** 
Python version: 3.6.9 (default, Nov  7 2019, 10:44:02)  [GCC 8.3.0]
Python main interpreter initialized at 0x55bf12d61fd0
uWSGI running as root, you can use --uid/--gid/--chroot options
*** WARNING: you are running uWSGI as root !!! (use the --uid flag) *** 
python threads support enabled
your server socket listen backlog is limited to 100 connections
your mercy for graceful operations on workers is 60 seconds
mapped 166688 bytes (162 KB) for 2 cores
*** Operational MODE: threaded ***
WSGI app 0 (mountpoint='') ready in 1 seconds on interpreter 0x55bf12d61fd0 pid: 31797 (default app)
uWSGI running as root, you can use --uid/--gid/--chroot options
*** WARNING: you are running uWSGI as root !!! (use the --uid flag) *** 
*** uWSGI is running in multiple interpreter mode ***
spawned uWSGI master process (pid: 31797)
spawned uWSGI worker 1 (pid: 31799, cores: 2)
[pid: 31799|app: 0|req: 1/1] 47.95.28.143 () {26 vars in 260 bytes} [Mon Mar 16 06:49:35 2020] GET / => generated 26 bytes in 42 msecs (HTTP/1.0 400) 2 headers in 67 bytes (1 switches on core 0)
[pid: 31799|app: 0|req: 2/2] 223.72.90.39 () {46 vars in 864 bytes} [Mon Mar 16 06:57:23 2020] GET /test_cors => generated 48 bytes in 3 msecs (HTTP/1.1 200) 4 headers in 114 bytes (1 switches on core 1)
[pid: 31799|app: 0|req: 3/3] 223.72.90.39 () {46 vars in 778 bytes} [Mon Mar 16 07:00:22 2020] GET /test_cors => generated 48 bytes in 1 msecs (HTTP/1.1 200) 5 headers in 146 bytes (1 switches on core 0)
[pid: 31799|app: 0|req: 4/4] 80.82.70.187 () {32 vars in 413 bytes} [Mon Mar 16 08:07:48 2020] GET /cache/global/img/gs.gif => generated 97 bytes in 2 msecs (HTTP/1.1 404) 4 headers in 114 bytes (1 switches on core 0)
[pid: 31799|app: 0|req: 5/5] 223.72.90.39 () {46 vars in 778 bytes} [Mon Mar 16 09:06:48 2020] GET /test_cors => generated 48 bytes in 1 msecs (HTTP/1.1 200) 5 headers in 146 bytes (1 switches on core 0)
[pid: 31799|app: 0|req: 6/6] 45.83.65.208 () {42 vars in 556 bytes} [Mon Mar 16 10:35:39 2020] GET / => generated 74 bytes in 1 msecs (HTTP/1.1 404) 4 headers in 114 bytes (1 switches on core 1)
[pid: 31799|app: 0|req: 7/7] 162.243.130.196 () {34 vars in 410 bytes} [Mon Mar 16 12:21:04 2020] GET /manager/text/list => generated 91 bytes in 1 msecs (HTTP/1.1 404) 4 headers in 114 bytes (1 switches on core 1)
[pid: 31799|app: 0|req: 8/8] 164.68.112.178 () {30 vars in 414 bytes} [Mon Mar 16 12:37:24 2020] GET / => generated 26 bytes in 9 msecs (HTTP/1.0 400) 2 headers in 67 bytes (1 switches on core 0)
[pid: 31799|app: 0|req: 9/9] 47.96.254.10 () {26 vars in 260 bytes} [Mon Mar 16 15:15:32 2020] GET / => generated 26 bytes in 11 msecs (HTTP/1.0 400) 2 headers in 67 bytes (1 switches on core 1)
[pid: 31799|app: 0|req: 10/10] 47.96.254.10 () {26 vars in 260 bytes} [Mon Mar 16 17:10:22 2020] GET / => generated 26 bytes in 28 msecs (HTTP/1.0 400) 2 headers in 67 bytes (1 switches on core 0)
[pid: 31799|app: 0|req: 11/11] 103.70.162.99 () {32 vars in 445 bytes} [Mon Mar 16 17:46:23 2020] GET / => generated 74 bytes in 1 msecs (HTTP/1.1 404) 4 headers in 114 bytes (1 switches on core 1)
[pid: 31799|app: 0|req: 12/12] 223.72.90.39 () {46 vars in 778 bytes} [Mon Mar 16 19:09:15 2020] GET /test_cors => generated 48 bytes in 0 msecs (HTTP/1.1 200) 5 headers in 146 bytes (1 switches on core 1)
